mode: set
github.com/yanosea/jrp/internal/db/database.go:15.69,17.2 1 0
github.com/yanosea/jrp/internal/db/database.go:19.76,21.2 1 0
github.com/yanosea/jrp/constant/download.go:32.36,34.2 1 1
github.com/yanosea/jrp/constant/generate.go:34.36,36.2 1 1
github.com/yanosea/jrp/internal/usermanager/user_provider.go:13.53,15.2 1 0
github.com/yanosea/jrp/internal/gzip/gzip_handler.go:14.73,16.2 1 0
github.com/yanosea/jrp/internal/fs/file_system.go:15.60,17.2 1 0
github.com/yanosea/jrp/internal/fs/file_system.go:19.48,21.2 1 0
github.com/yanosea/jrp/internal/fs/file_system.go:23.53,26.2 2 0
github.com/yanosea/jrp/internal/httpclient/http_client.go:13.66,15.2 1 0
github.com/yanosea/jrp/internal/iomanager/io_helper.go:13.74,15.2 1 0
github.com/yanosea/jrp/cmd/completion.go:10.70,14.55 1 0
github.com/yanosea/jrp/cmd/completion.go:14.55,19.4 2 0
github.com/yanosea/jrp/cmd/completion.go:22.2,33.12 5 0
github.com/yanosea/jrp/cmd/completion_bash.go:9.74,14.55 1 0
github.com/yanosea/jrp/cmd/completion_bash.go:14.55,16.4 1 0
github.com/yanosea/jrp/cmd/completion_bash.go:19.2,23.12 4 0
github.com/yanosea/jrp/cmd/completion_fish.go:9.74,14.55 1 0
github.com/yanosea/jrp/cmd/completion_fish.go:14.55,16.4 1 0
github.com/yanosea/jrp/cmd/completion_fish.go:19.2,23.12 4 0
github.com/yanosea/jrp/cmd/completion_powershell.go:9.80,14.55 1 0
github.com/yanosea/jrp/cmd/completion_powershell.go:14.55,16.4 1 0
github.com/yanosea/jrp/cmd/completion_powershell.go:19.2,23.12 4 0
github.com/yanosea/jrp/cmd/completion_zsh.go:9.73,14.55 1 0
github.com/yanosea/jrp/cmd/completion_zsh.go:14.55,16.4 1 0
github.com/yanosea/jrp/cmd/completion_zsh.go:19.2,23.12 4 0
github.com/yanosea/jrp/cmd/download.go:22.57,33.55 2 0
github.com/yanosea/jrp/cmd/download.go:33.55,35.4 1 0
github.com/yanosea/jrp/cmd/download.go:38.2,42.12 4 0
github.com/yanosea/jrp/cmd/download.go:45.43,54.46 7 0
github.com/yanosea/jrp/cmd/download.go:54.46,56.3 1 0
github.com/yanosea/jrp/cmd/download.go:57.2,57.12 1 0
github.com/yanosea/jrp/cmd/generate.go:23.57,35.55 2 0
github.com/yanosea/jrp/cmd/generate.go:35.55,36.22 1 0
github.com/yanosea/jrp/cmd/generate.go:36.22,38.5 1 0
github.com/yanosea/jrp/cmd/generate.go:38.10,40.5 1 0
github.com/yanosea/jrp/cmd/generate.go:41.4,41.23 1 0
github.com/yanosea/jrp/cmd/generate.go:45.2,46.19 2 0
github.com/yanosea/jrp/cmd/generate.go:46.19,49.3 2 0
github.com/yanosea/jrp/cmd/generate.go:51.2,55.12 4 0
github.com/yanosea/jrp/cmd/generate.go:58.43,65.16 6 0
github.com/yanosea/jrp/cmd/generate.go:65.16,67.3 1 0
github.com/yanosea/jrp/cmd/generate.go:69.2,69.19 1 0
github.com/yanosea/jrp/cmd/generate.go:69.19,71.3 1 0
github.com/yanosea/jrp/cmd/generate.go:73.2,73.12 1 0
github.com/yanosea/jrp/cmd/root.go:33.20,38.16 4 0
github.com/yanosea/jrp/cmd/root.go:38.16,41.3 2 0
github.com/yanosea/jrp/cmd/root.go:43.2,43.41 1 0
github.com/yanosea/jrp/cmd/root.go:43.41,46.3 2 0
github.com/yanosea/jrp/cmd/root.go:48.2,48.10 1 0
github.com/yanosea/jrp/cmd/root.go:51.63,69.55 3 0
github.com/yanosea/jrp/cmd/root.go:69.55,70.22 1 0
github.com/yanosea/jrp/cmd/root.go:70.22,72.5 1 0
github.com/yanosea/jrp/cmd/root.go:72.10,74.5 1 0
github.com/yanosea/jrp/cmd/root.go:75.4,75.27 1 0
github.com/yanosea/jrp/cmd/root.go:79.2,92.17 6 0
github.com/yanosea/jrp/cmd/root.go:95.43,102.16 6 0
github.com/yanosea/jrp/cmd/root.go:102.16,104.3 1 0
github.com/yanosea/jrp/cmd/root.go:106.2,106.19 1 0
github.com/yanosea/jrp/cmd/root.go:106.19,108.3 1 0
github.com/yanosea/jrp/cmd/root.go:110.2,110.12 1 0
github.com/yanosea/jrp/cmd/version.go:12.67,17.55 1 1
github.com/yanosea/jrp/cmd/version.go:17.55,19.4 1 0
github.com/yanosea/jrp/cmd/version.go:22.2,26.12 4 1
github.com/yanosea/jrp/cmd/version.go:29.40,33.2 2 1
github.com/yanosea/jrp/internal/db/database.go:15.69,17.2 1 0
github.com/yanosea/jrp/internal/db/database.go:19.76,21.2 1 0
github.com/yanosea/jrp/internal/fs/file_system.go:15.60,17.2 1 0
github.com/yanosea/jrp/internal/fs/file_system.go:19.48,21.2 1 0
github.com/yanosea/jrp/internal/fs/file_system.go:23.53,26.2 2 0
github.com/yanosea/jrp/internal/gzip/gzip_handler.go:14.73,16.2 1 0
github.com/yanosea/jrp/internal/httpclient/http_client.go:13.66,15.2 1 0
github.com/yanosea/jrp/internal/iomanager/io_helper.go:13.74,15.2 1 0
github.com/yanosea/jrp/internal/usermanager/user_provider.go:13.53,15.2 1 0
github.com/yanosea/jrp/main.go:11.13,13.2 1 1
github.com/yanosea/jrp/internal/db/database.go:15.69,17.2 1 0
github.com/yanosea/jrp/internal/db/database.go:19.76,21.2 1 0
github.com/yanosea/jrp/internal/fs/file_system.go:15.60,17.2 1 0
github.com/yanosea/jrp/internal/fs/file_system.go:19.48,21.2 1 0
github.com/yanosea/jrp/internal/fs/file_system.go:23.53,26.2 2 1
github.com/yanosea/jrp/internal/gzip/gzip_handler.go:14.73,16.2 1 0
github.com/yanosea/jrp/internal/httpclient/http_client.go:13.66,15.2 1 0
github.com/yanosea/jrp/internal/iomanager/io_helper.go:13.74,15.2 1 0
github.com/yanosea/jrp/internal/usermanager/user_provider.go:13.53,15.2 1 1
github.com/yanosea/jrp/util/printer.go:8.47,10.2 1 1
github.com/yanosea/jrp/mock/usermanager/user_provider.go:31.69,35.2 3 0
github.com/yanosea/jrp/mock/usermanager/user_provider.go:38.67,40.2 1 0
github.com/yanosea/jrp/mock/usermanager/user_provider.go:43.58,49.2 5 0
github.com/yanosea/jrp/mock/usermanager/user_provider.go:52.64,55.2 2 0
github.com/yanosea/jrp/mock/iomanager/io_helper.go:31.61,35.2 3 0
github.com/yanosea/jrp/mock/iomanager/io_helper.go:38.59,40.2 1 0
github.com/yanosea/jrp/mock/iomanager/io_helper.go:43.74,49.2 5 0
github.com/yanosea/jrp/mock/iomanager/io_helper.go:52.69,55.2 2 0
github.com/yanosea/jrp/mock/db/database.go:31.77,35.2 3 0
github.com/yanosea/jrp/mock/db/database.go:38.75,40.2 1 0
github.com/yanosea/jrp/mock/db/database.go:43.76,49.2 5 0
github.com/yanosea/jrp/mock/db/database.go:52.82,55.2 2 0
github.com/yanosea/jrp/mock/db/database.go:58.83,64.2 5 0
github.com/yanosea/jrp/mock/db/database.go:67.79,70.2 2 0
github.com/yanosea/jrp/mock/gzip/gzip_handler.go:31.67,35.2 3 0
github.com/yanosea/jrp/mock/gzip/gzip_handler.go:38.65,40.2 1 0
github.com/yanosea/jrp/mock/gzip/gzip_handler.go:43.73,49.2 5 0
github.com/yanosea/jrp/mock/gzip/gzip_handler.go:52.70,55.2 2 0
github.com/yanosea/jrp/mock/fs/file_system.go:31.67,35.2 3 0
github.com/yanosea/jrp/mock/fs/file_system.go:38.65,40.2 1 0
github.com/yanosea/jrp/mock/fs/file_system.go:43.65,49.2 5 0
github.com/yanosea/jrp/mock/fs/file_system.go:52.70,55.2 2 0
github.com/yanosea/jrp/mock/fs/file_system.go:58.52,63.2 4 0
github.com/yanosea/jrp/mock/fs/file_system.go:66.70,69.2 2 0
github.com/yanosea/jrp/mock/fs/file_system.go:72.53,77.2 4 0
github.com/yanosea/jrp/mock/fs/file_system.go:80.70,83.2 2 0
github.com/yanosea/jrp/mock/httpclient/http_client.go:31.65,35.2 3 0
github.com/yanosea/jrp/mock/httpclient/http_client.go:38.63,40.2 1 0
github.com/yanosea/jrp/mock/httpclient/http_client.go:43.66,49.2 5 0
github.com/yanosea/jrp/mock/httpclient/http_client.go:52.65,55.2 2 0
github.com/yanosea/jrp/internal/db/database.go:15.69,17.2 1 1
github.com/yanosea/jrp/internal/db/database.go:19.76,21.2 1 1
github.com/yanosea/jrp/internal/fs/file_system.go:15.60,17.2 1 1
github.com/yanosea/jrp/internal/fs/file_system.go:19.48,21.2 1 1
github.com/yanosea/jrp/internal/fs/file_system.go:23.53,26.2 2 1
github.com/yanosea/jrp/internal/gzip/gzip_handler.go:14.73,16.2 1 1
github.com/yanosea/jrp/internal/httpclient/http_client.go:13.66,15.2 1 1
github.com/yanosea/jrp/internal/iomanager/io_helper.go:13.74,15.2 1 1
github.com/yanosea/jrp/internal/usermanager/user_provider.go:13.53,15.2 1 1
github.com/yanosea/jrp/logic/db_file_dir_path_getter.go:19.78,23.2 1 1
github.com/yanosea/jrp/logic/db_file_dir_path_getter.go:25.64,28.16 2 1
github.com/yanosea/jrp/logic/db_file_dir_path_getter.go:28.16,30.3 1 1
github.com/yanosea/jrp/logic/db_file_dir_path_getter.go:32.2,35.28 3 1
github.com/yanosea/jrp/logic/db_file_dir_path_getter.go:35.28,37.3 1 1
github.com/yanosea/jrp/logic/db_file_dir_path_getter.go:39.2,39.27 1 1
github.com/yanosea/jrp/logic/downloader.go:29.87,37.2 1 1
github.com/yanosea/jrp/logic/downloader.go:39.45,45.16 3 1
github.com/yanosea/jrp/logic/downloader.go:45.16,47.3 1 1
github.com/yanosea/jrp/logic/downloader.go:50.2,50.58 1 1
github.com/yanosea/jrp/logic/downloader.go:50.58,52.3 1 1
github.com/yanosea/jrp/logic/downloader.go:55.2,56.55 2 1
github.com/yanosea/jrp/logic/downloader.go:56.55,59.17 2 1
github.com/yanosea/jrp/logic/downloader.go:59.17,61.4 1 1
github.com/yanosea/jrp/logic/downloader.go:62.3,67.17 4 1
github.com/yanosea/jrp/logic/downloader.go:67.17,69.4 1 1
github.com/yanosea/jrp/logic/downloader.go:70.3,71.54 2 1
github.com/yanosea/jrp/logic/downloader.go:71.54,73.4 1 1
github.com/yanosea/jrp/logic/downloader.go:74.3,78.17 3 1
github.com/yanosea/jrp/logic/downloader.go:78.17,80.4 1 1
github.com/yanosea/jrp/logic/downloader.go:81.3,83.17 3 1
github.com/yanosea/jrp/logic/downloader.go:83.17,85.4 1 1
github.com/yanosea/jrp/logic/downloader.go:86.3,87.45 2 1
github.com/yanosea/jrp/logic/downloader.go:87.45,89.4 1 1
github.com/yanosea/jrp/logic/downloader.go:92.3,92.59 1 1
github.com/yanosea/jrp/logic/downloader.go:92.59,94.4 1 1
github.com/yanosea/jrp/logic/downloader.go:97.3,97.51 1 1
github.com/yanosea/jrp/logic/downloader.go:98.8,101.3 1 1
github.com/yanosea/jrp/logic/downloader.go:103.2,103.12 1 1
github.com/yanosea/jrp/logic/generate.go:28.139,34.2 1 1
github.com/yanosea/jrp/logic/generate.go:36.47,37.14 1 1
github.com/yanosea/jrp/logic/generate.go:37.14,39.3 1 1
github.com/yanosea/jrp/logic/generate.go:41.2,42.16 2 1
github.com/yanosea/jrp/logic/generate.go:42.16,44.3 1 1
github.com/yanosea/jrp/logic/generate.go:45.2,45.21 1 1
github.com/yanosea/jrp/logic/generate.go:45.21,47.3 1 1
github.com/yanosea/jrp/logic/generate.go:49.2,49.22 1 1
github.com/yanosea/jrp/logic/generate.go:49.22,51.3 1 1
github.com/yanosea/jrp/logic/generate.go:51.8,53.3 1 1
github.com/yanosea/jrp/logic/generate.go:56.76,60.16 3 1
github.com/yanosea/jrp/logic/generate.go:60.16,62.3 1 1
github.com/yanosea/jrp/logic/generate.go:64.2,65.38 2 1
github.com/yanosea/jrp/logic/generate.go:65.38,68.3 2 1
github.com/yanosea/jrp/logic/generate.go:70.2,71.16 2 1
github.com/yanosea/jrp/logic/generate.go:71.16,73.3 1 1
github.com/yanosea/jrp/logic/generate.go:74.2,77.16 3 1
github.com/yanosea/jrp/logic/generate.go:77.16,79.3 1 1
github.com/yanosea/jrp/logic/generate.go:80.2,83.18 3 1
github.com/yanosea/jrp/logic/generate.go:83.18,87.3 3 1
github.com/yanosea/jrp/logic/generate.go:89.2,92.35 3 1
github.com/yanosea/jrp/logic/generate.go:92.35,93.47 1 1
github.com/yanosea/jrp/logic/generate.go:93.47,95.4 1 1
github.com/yanosea/jrp/logic/generate.go:95.9,97.4 1 1
github.com/yanosea/jrp/logic/generate.go:100.2,101.27 2 1
github.com/yanosea/jrp/logic/generate.go:101.27,107.3 5 1
github.com/yanosea/jrp/logic/generate.go:109.2,109.17 1 1
github.com/yanosea/jrp/mock/db/database.go:31.77,35.2 3 1
github.com/yanosea/jrp/mock/db/database.go:38.75,40.2 1 1
github.com/yanosea/jrp/mock/db/database.go:43.76,49.2 5 1
github.com/yanosea/jrp/mock/db/database.go:52.82,55.2 2 1
github.com/yanosea/jrp/mock/db/database.go:58.83,64.2 5 1
github.com/yanosea/jrp/mock/db/database.go:67.79,70.2 2 1
github.com/yanosea/jrp/mock/fs/file_system.go:31.67,35.2 3 1
github.com/yanosea/jrp/mock/fs/file_system.go:38.65,40.2 1 1
github.com/yanosea/jrp/mock/fs/file_system.go:43.65,49.2 5 1
github.com/yanosea/jrp/mock/fs/file_system.go:52.70,55.2 2 1
github.com/yanosea/jrp/mock/fs/file_system.go:58.52,63.2 4 1
github.com/yanosea/jrp/mock/fs/file_system.go:66.70,69.2 2 1
github.com/yanosea/jrp/mock/fs/file_system.go:72.53,77.2 4 1
github.com/yanosea/jrp/mock/fs/file_system.go:80.70,83.2 2 1
github.com/yanosea/jrp/mock/gzip/gzip_handler.go:31.67,35.2 3 1
github.com/yanosea/jrp/mock/gzip/gzip_handler.go:38.65,40.2 1 1
github.com/yanosea/jrp/mock/gzip/gzip_handler.go:43.73,49.2 5 1
github.com/yanosea/jrp/mock/gzip/gzip_handler.go:52.70,55.2 2 1
github.com/yanosea/jrp/mock/httpclient/http_client.go:31.65,35.2 3 1
github.com/yanosea/jrp/mock/httpclient/http_client.go:38.63,40.2 1 1
github.com/yanosea/jrp/mock/httpclient/http_client.go:43.66,49.2 5 1
github.com/yanosea/jrp/mock/httpclient/http_client.go:52.65,55.2 2 1
github.com/yanosea/jrp/mock/iomanager/io_helper.go:31.61,35.2 3 1
github.com/yanosea/jrp/mock/iomanager/io_helper.go:38.59,40.2 1 1
github.com/yanosea/jrp/mock/iomanager/io_helper.go:43.74,49.2 5 1
github.com/yanosea/jrp/mock/iomanager/io_helper.go:52.69,55.2 2 1
github.com/yanosea/jrp/mock/usermanager/user_provider.go:31.69,35.2 3 1
github.com/yanosea/jrp/mock/usermanager/user_provider.go:38.67,40.2 1 1
github.com/yanosea/jrp/mock/usermanager/user_provider.go:43.58,49.2 5 1
github.com/yanosea/jrp/mock/usermanager/user_provider.go:52.64,55.2 2 1
